<?xml version="1.0" encoding="UTF-8"?>
<!-- Generated by org.testng.reporters.JUnitReportReporter -->
<testsuite hostname="LAPTOP-BDLV2CB7" failures="0" tests="3" name="TestClasses.Test1" time="31.145" errors="0" timestamp="2022-04-09T12:41:40 IST" skipped="0">
  <testcase classname="TestClasses.Test1" name="VerifyUserCanLogin" time="4.827"/>
  <system-out>
    <![CDATA[Entered emailID
Enter password
Clicked Submit button]]>
  </system-out>
  <testcase classname="TestClasses.Test1" name="z_VerifyUserCanAddAddress" time="13.100"/>
  <system-out/>
  <testcase classname="TestClasses.Test1" name="z_VerifyUserCanAddAddress" time="13.218"/>
  <system-out/>
</testsuite> <!-- TestClasses.Test1 -->
